d:\services6\image\solarpanelinspection\solarpanelinspection\release\solarpanelinspection.pch
d:\services6\image\solarpanelinspection\solarpanelinspection\release\vc140.pdb
d:\services6\image\solarpanelinspection\solarpanelinspection\release\stdafx.obj
d:\services6\image\solarpanelinspection\solarpanelinspection\release\general.obj
d:\services6\image\solarpanelinspection\solarpanelinspection\release\draw.obj
d:\services6\image\solarpanelinspection\solarpanelinspection\release\solarpanelinspection.obj
d:\services6\image\solarpanelinspection\solarpanelinspection\release\rect.obj
d:\services6\image\solarpanelinspection\solarpanelinspection\release\point.obj
d:\services6\image\solarpanelinspection\solarpanelinspection\release\library.obj
d:\services6\image\solarpanelinspection\solarpanelinspection\release\image.obj
d:\services6\image\solarpanelinspection\solarpanelinspection\release\hough.obj
d:\services6\image\solarpanelinspection\solarpanelinspection\release\hog.obj
d:\services6\image\solarpanelinspection\solarpanelinspection\release\bitmap.obj
d:\services6\image\solarpanelinspection\release\solarpanelinspection.exe
d:\services6\image\solarpanelinspection\release\solarpanelinspection.pdb
d:\services6\image\solarpanelinspection\solarpanelinspection\release\solarpan.4fbbfaa4.tlog\cl.command.1.tlog
d:\services6\image\solarpanelinspection\solarpanelinspection\release\solarpan.4fbbfaa4.tlog\cl.read.1.tlog
d:\services6\image\solarpanelinspection\solarpanelinspection\release\solarpan.4fbbfaa4.tlog\cl.write.1.tlog
d:\services6\image\solarpanelinspection\solarpanelinspection\release\solarpan.4fbbfaa4.tlog\link.command.1.tlog
d:\services6\image\solarpanelinspection\solarpanelinspection\release\solarpan.4fbbfaa4.tlog\link.read.1.tlog
d:\services6\image\solarpanelinspection\solarpanelinspection\release\solarpan.4fbbfaa4.tlog\link.write.1.tlog
